

Version:	3.14
CmdLine:	D:\final number one\out\artifacts\123.exe --l4j-debug
WOW64:		yes
Working dir:	D:\final number one\out\artifacts\.
Java min ver:	1.006.000_022
Java max ver:	
64-bit search:	SOFTWARE\JavaSoft\Java Runtime Environment...
32-bit search:	SOFTWARE\JavaSoft\Java Runtime Environment...
Check:		SOFTWARE\JavaSoft\Java Runtime Environment\1.8
Check launcher:	C:\Program Files (x86)\Java\jre1.8.0_281\bin\javaw.exe (OK)
Match:		1.008.000
Check:		SOFTWARE\JavaSoft\Java Runtime Environment\1.8.0_281
Check launcher:	C:\Program Files (x86)\Java\jre1.8.0_281\bin\javaw.exe (OK)
Match:		1.008.000_281
64-bit search:	SOFTWARE\JavaSoft\Java Development Kit...
32-bit search:	SOFTWARE\JavaSoft\Java Development Kit...
64-bit search:	SOFTWARE\JavaSoft\JRE...
32-bit search:	SOFTWARE\JavaSoft\JRE...
64-bit search:	SOFTWARE\JavaSoft\JDK...
32-bit search:	SOFTWARE\JavaSoft\JDK...
Runtime used:	1.008.000_281 (32-bit)
Launcher:	C:\Program Files (x86)\Java\jre1.8.0_281\bin\javaw.exe
Launcher args:	-jar "D:\final number one\out\artifacts\123.exe"
Args length:	48/32768 chars
Exit code:	0


Version:	3.14
CmdLine:	D:\final number one\out\artifacts\123.exe --l4j-debug
WOW64:		yes
Working dir:	D:\final number one\out\artifacts\.
Java min ver:	1.006.000_022
Java max ver:	
64-bit search:	SOFTWARE\JavaSoft\Java Runtime Environment...
32-bit search:	SOFTWARE\JavaSoft\Java Runtime Environment...
Check:		SOFTWARE\JavaSoft\Java Runtime Environment\1.8
Check launcher:	C:\Program Files (x86)\Java\jre1.8.0_281\bin\javaw.exe (OK)
Match:		1.008.000
Check:		SOFTWARE\JavaSoft\Java Runtime Environment\1.8.0_281
Check launcher:	C:\Program Files (x86)\Java\jre1.8.0_281\bin\javaw.exe (OK)
Match:		1.008.000_281
64-bit search:	SOFTWARE\JavaSoft\Java Development Kit...
32-bit search:	SOFTWARE\JavaSoft\Java Development Kit...
64-bit search:	SOFTWARE\JavaSoft\JRE...
32-bit search:	SOFTWARE\JavaSoft\JRE...
64-bit search:	SOFTWARE\JavaSoft\JDK...
32-bit search:	SOFTWARE\JavaSoft\JDK...
Runtime used:	1.008.000_281 (32-bit)
Launcher:	C:\Program Files (x86)\Java\jre1.8.0_281\bin\javaw.exe
Launcher args:	-jar "D:\final number one\out\artifacts\123.exe"
Args length:	48/32768 chars
Exit code:	0
